   1               		.file	"chips.c"
   2               	__SP_H__ = 0x3e
   3               	__SP_L__ = 0x3d
   4               	__SREG__ = 0x3f
   5               	__RAMPZ__ = 0x3b
   6               	__tmp_reg__ = 0
   7               	__zero_reg__ = 1
   8               		.text
   9               	.Ltext0:
  10               		.cfi_sections	.debug_frame
  11               	.global	proms_count
  12               		.section	.rodata
  15               	proms_count:
  16 0000 1500      		.word	21
  17               	.global	proms
  20               	proms:
  21 0002 4E4F 4E45 		.string	"NONE"
  21      00
  22 0007 0000 0000 		.zero	11
  22      0000 0000 
  22      0000 00
  23 0012 00        		.zero	1
  24 0013 1C        		.byte	28
  25 0014 00        		.byte	0
  26 0015 00        		.byte	0
  27 0016 0000 0000 		.zero	24
  27      0000 0000 
  27      0000 0000 
  27      0000 0000 
  27      0000 0000 
  28 002e 0000 0000 		.zero	24
  28      0000 0000 
  28      0000 0000 
  28      0000 0000 
  28      0000 0000 
  29 0046 0000 0000 		.zero	8
  29      0000 0000 
  30 004e 0000 0000 		.zero	8
  30      0000 0000 
  31 0056 0000      		.zero	2
  32 0058 4D32 3743 		.string	"M27C512"
  32      3531 3200 
  33 0060 0000 0000 		.zero	8
  33      0000 0000 
  34 0068 00        		.zero	1
  35 0069 1C        		.byte	28
  36 006a 10        		.byte	16
  37 006b 08        		.byte	8
  38 006c 0A        		.byte	10
  39 006d 09        		.byte	9
  40 006e 08        		.byte	8
  41 006f 07        		.byte	7
  42 0070 06        		.byte	6
  43 0071 05        		.byte	5
  44 0072 04        		.byte	4
  45 0073 03        		.byte	3
  46 0074 19        		.byte	25
  47 0075 18        		.byte	24
  48 0076 15        		.byte	21
  49 0077 17        		.byte	23
  50 0078 02        		.byte	2
  51 0079 1A        		.byte	26
  52 007a 1B        		.byte	27
  53 007b 01        		.byte	1
  54 007c 0000 0000 		.zero	8
  54      0000 0000 
  55 0084 0B        		.byte	11
  56 0085 0C        		.byte	12
  57 0086 0D        		.byte	13
  58 0087 0F        		.byte	15
  59 0088 10        		.byte	16
  60 0089 11        		.byte	17
  61 008a 12        		.byte	18
  62 008b 13        		.byte	19
  63 008c 0000 0000 		.zero	16
  63      0000 0000 
  63      0000 0000 
  63      0000 0000 
  64 009c 1C        		.byte	28
  65 009d 0000 0000 		.zero	7
  65      0000 00
  66 00a4 16        		.byte	22
  67 00a5 14        		.byte	20
  68 00a6 0E        		.byte	14
  69 00a7 0000 0000 		.zero	5
  69      00
  70 00ac 1C        		.byte	28
  71 00ad 0E        		.byte	14
  72 00ae 4D32 3743 		.string	"M27C256"
  72      3235 3600 
  73 00b6 0000 0000 		.zero	8
  73      0000 0000 
  74 00be 00        		.zero	1
  75 00bf 1C        		.byte	28
  76 00c0 0F        		.byte	15
  77 00c1 08        		.byte	8
  78 00c2 0A        		.byte	10
  79 00c3 09        		.byte	9
  80 00c4 08        		.byte	8
  81 00c5 07        		.byte	7
  82 00c6 06        		.byte	6
  83 00c7 05        		.byte	5
  84 00c8 04        		.byte	4
  85 00c9 03        		.byte	3
  86 00ca 19        		.byte	25
  87 00cb 18        		.byte	24
  88 00cc 15        		.byte	21
  89 00cd 17        		.byte	23
  90 00ce 02        		.byte	2
  91 00cf 1A        		.byte	26
  92 00d0 1B        		.byte	27
  93 00d1 0000 0000 		.zero	9
  93      0000 0000 
  93      00
  94 00da 0B        		.byte	11
  95 00db 0C        		.byte	12
  96 00dc 0D        		.byte	13
  97 00dd 0F        		.byte	15
  98 00de 10        		.byte	16
  99 00df 11        		.byte	17
 100 00e0 12        		.byte	18
 101 00e1 13        		.byte	19
 102 00e2 0000 0000 		.zero	16
 102      0000 0000 
 102      0000 0000 
 102      0000 0000 
 103 00f2 1C        		.byte	28
 104 00f3 01        		.byte	1
 105 00f4 0000 0000 		.zero	6
 105      0000 
 106 00fa 16        		.byte	22
 107 00fb 14        		.byte	20
 108 00fc 0E        		.byte	14
 109 00fd 0000 0000 		.zero	5
 109      00
 110 0102 1C        		.byte	28
 111 0103 0E        		.byte	14
 112 0104 4D32 3743 		.string	"M27C128"
 112      3132 3800 
 113 010c 0000 0000 		.zero	8
 113      0000 0000 
 114 0114 00        		.zero	1
 115 0115 1C        		.byte	28
 116 0116 0E        		.byte	14
 117 0117 08        		.byte	8
 118 0118 0A        		.byte	10
 119 0119 09        		.byte	9
 120 011a 08        		.byte	8
 121 011b 07        		.byte	7
 122 011c 06        		.byte	6
 123 011d 05        		.byte	5
 124 011e 04        		.byte	4
 125 011f 03        		.byte	3
 126 0120 19        		.byte	25
 127 0121 18        		.byte	24
 128 0122 15        		.byte	21
 129 0123 17        		.byte	23
 130 0124 02        		.byte	2
 131 0125 1A        		.byte	26
 132 0126 0000 0000 		.zero	10
 132      0000 0000 
 132      0000 
 133 0130 0B        		.byte	11
 134 0131 0C        		.byte	12
 135 0132 0D        		.byte	13
 136 0133 0F        		.byte	15
 137 0134 10        		.byte	16
 138 0135 11        		.byte	17
 139 0136 12        		.byte	18
 140 0137 13        		.byte	19
 141 0138 0000 0000 		.zero	16
 141      0000 0000 
 141      0000 0000 
 141      0000 0000 
 142 0148 1C        		.byte	28
 143 0149 01        		.byte	1
 144 014a 1B        		.byte	27
 145 014b 0000 0000 		.zero	5
 145      00
 146 0150 16        		.byte	22
 147 0151 14        		.byte	20
 148 0152 0E        		.byte	14
 149 0153 0000 0000 		.zero	5
 149      00
 150 0158 1C        		.byte	28
 151 0159 0E        		.byte	14
 152 015a 414D 3237 		.string	"AM27C040"
 152      4330 3430 
 152      00
 153 0163 0000 0000 		.zero	7
 153      0000 00
 154 016a 00        		.zero	1
 155 016b 20        		.byte	32
 156 016c 13        		.byte	19
 157 016d 08        		.byte	8
 158 016e 0C        		.byte	12
 159 016f 0B        		.byte	11
 160 0170 0A        		.byte	10
 161 0171 09        		.byte	9
 162 0172 08        		.byte	8
 163 0173 07        		.byte	7
 164 0174 06        		.byte	6
 165 0175 05        		.byte	5
 166 0176 1B        		.byte	27
 167 0177 1A        		.byte	26
 168 0178 17        		.byte	23
 169 0179 19        		.byte	25
 170 017a 04        		.byte	4
 171 017b 1C        		.byte	28
 172 017c 1D        		.byte	29
 173 017d 03        		.byte	3
 174 017e 02        		.byte	2
 175 017f 1E        		.byte	30
 176 0180 1F        		.byte	31
 177 0181 0000 0000 		.zero	5
 177      00
 178 0186 0D        		.byte	13
 179 0187 0E        		.byte	14
 180 0188 0F        		.byte	15
 181 0189 11        		.byte	17
 182 018a 12        		.byte	18
 183 018b 13        		.byte	19
 184 018c 14        		.byte	20
 185 018d 15        		.byte	21
 186 018e 0000 0000 		.zero	16
 186      0000 0000 
 186      0000 0000 
 186      0000 0000 
 187 019e 0000 0000 		.zero	8
 187      0000 0000 
 188 01a6 01        		.byte	1
 189 01a7 16        		.byte	22
 190 01a8 18        		.byte	24
 191 01a9 0000 0000 		.zero	5
 191      00
 192 01ae 20        		.byte	32
 193 01af 10        		.byte	16
 194 01b0 4C48 2D35 		.string	"LH-535618"
 194      3335 3631 
 194      3800 
 195 01ba 0000 0000 		.zero	6
 195      0000 
 196 01c0 03        		.byte	3
 197 01c1 1C        		.byte	28
 198 01c2 0F        		.byte	15
 199 01c3 08        		.byte	8
 200 01c4 0A        		.byte	10
 201 01c5 09        		.byte	9
 202 01c6 08        		.byte	8
 203 01c7 07        		.byte	7
 204 01c8 06        		.byte	6
 205 01c9 05        		.byte	5
 206 01ca 04        		.byte	4
 207 01cb 03        		.byte	3
 208 01cc 1A        		.byte	26
 209 01cd 19        		.byte	25
 210 01ce 02        		.byte	2
 211 01cf 14        		.byte	20
 212 01d0 18        		.byte	24
 213 01d1 16        		.byte	22
 214 01d2 1C        		.byte	28
 215 01d3 0000 0000 		.zero	9
 215      0000 0000 
 215      00
 216 01dc 0B        		.byte	11
 217 01dd 0C        		.byte	12
 218 01de 0D        		.byte	13
 219 01df 0F        		.byte	15
 220 01e0 10        		.byte	16
 221 01e1 11        		.byte	17
 222 01e2 12        		.byte	18
 223 01e3 13        		.byte	19
 224 01e4 0000 0000 		.zero	16
 224      0000 0000 
 224      0000 0000 
 224      0000 0000 
 225 01f4 01        		.byte	1
 226 01f5 0000 0000 		.zero	7
 226      0000 00
 227 01fc 17        		.byte	23
 228 01fd 15        		.byte	21
 229 01fe 1B        		.byte	27
 230 01ff 0E        		.byte	14
 231 0200 0000 0000 		.zero	4
 232 0204 01        		.byte	1
 233 0205 0E        		.byte	14
 234 0206 4D32 3743 		.string	"M27C64"
 234      3634 00
 235 020d 0000 0000 		.zero	9
 235      0000 0000 
 235      00
 236 0216 00        		.zero	1
 237 0217 1C        		.byte	28
 238 0218 0D        		.byte	13
 239 0219 08        		.byte	8
 240 021a 0A        		.byte	10
 241 021b 09        		.byte	9
 242 021c 08        		.byte	8
 243 021d 07        		.byte	7
 244 021e 06        		.byte	6
 245 021f 05        		.byte	5
 246 0220 04        		.byte	4
 247 0221 03        		.byte	3
 248 0222 19        		.byte	25
 249 0223 18        		.byte	24
 250 0224 15        		.byte	21
 251 0225 17        		.byte	23
 252 0226 02        		.byte	2
 253 0227 0000 0000 		.zero	11
 253      0000 0000 
 253      0000 00
 254 0232 0B        		.byte	11
 255 0233 0C        		.byte	12
 256 0234 0D        		.byte	13
 257 0235 0F        		.byte	15
 258 0236 10        		.byte	16
 259 0237 11        		.byte	17
 260 0238 12        		.byte	18
 261 0239 13        		.byte	19
 262 023a 0000 0000 		.zero	16
 262      0000 0000 
 262      0000 0000 
 262      0000 0000 
 263 024a 1C        		.byte	28
 264 024b 01        		.byte	1
 265 024c 1B        		.byte	27
 266 024d 0000 0000 		.zero	5
 266      00
 267 0252 16        		.byte	22
 268 0253 14        		.byte	20
 269 0254 0E        		.byte	14
 270 0255 0000 0000 		.zero	5
 270      00
 271 025a 1C        		.byte	28
 272 025b 0E        		.byte	14
 273 025c 3837 4336 		.string	"87C64"
 273      3400 
 274 0262 0000 0000 		.zero	10
 274      0000 0000 
 274      0000 
 275 026c 03        		.byte	3
 276 026d 1C        		.byte	28
 277 026e 0D        		.byte	13
 278 026f 08        		.byte	8
 279 0270 0A        		.byte	10
 280 0271 09        		.byte	9
 281 0272 08        		.byte	8
 282 0273 07        		.byte	7
 283 0274 06        		.byte	6
 284 0275 05        		.byte	5
 285 0276 04        		.byte	4
 286 0277 03        		.byte	3
 287 0278 19        		.byte	25
 288 0279 18        		.byte	24
 289 027a 15        		.byte	21
 290 027b 17        		.byte	23
 291 027c 02        		.byte	2
 292 027d 0000 0000 		.zero	11
 292      0000 0000 
 292      0000 00
 293 0288 0B        		.byte	11
 294 0289 0C        		.byte	12
 295 028a 0D        		.byte	13
 296 028b 0F        		.byte	15
 297 028c 10        		.byte	16
 298 028d 11        		.byte	17
 299 028e 12        		.byte	18
 300 028f 13        		.byte	19
 301 0290 0000 0000 		.zero	16
 301      0000 0000 
 301      0000 0000 
 301      0000 0000 
 302 02a0 1C        		.byte	28
 303 02a1 01        		.byte	1
 304 02a2 1B        		.byte	27
 305 02a3 0000 0000 		.zero	5
 305      00
 306 02a8 14        		.byte	20
 307 02a9 16        		.byte	22
 308 02aa 0E        		.byte	14
 309 02ab 0000 0000 		.zero	5
 309      00
 310 02b0 1C        		.byte	28
 311 02b1 0E        		.byte	14
 312 02b2 4336 342D 		.string	"C64-2732"
 312      3237 3332 
 312      00
 313 02bb 0000 0000 		.zero	7
 313      0000 00
 314 02c2 00        		.zero	1
 315 02c3 18        		.byte	24
 316 02c4 0C        		.byte	12
 317 02c5 08        		.byte	8
 318 02c6 08        		.byte	8
 319 02c7 07        		.byte	7
 320 02c8 06        		.byte	6
 321 02c9 05        		.byte	5
 322 02ca 04        		.byte	4
 323 02cb 03        		.byte	3
 324 02cc 02        		.byte	2
 325 02cd 01        		.byte	1
 326 02ce 17        		.byte	23
 327 02cf 16        		.byte	22
 328 02d0 13        		.byte	19
 329 02d1 12        		.byte	18
 330 02d2 0000 0000 		.zero	12
 330      0000 0000 
 330      0000 0000 
 331 02de 09        		.byte	9
 332 02df 0A        		.byte	10
 333 02e0 0B        		.byte	11
 334 02e1 0D        		.byte	13
 335 02e2 0E        		.byte	14
 336 02e3 0F        		.byte	15
 337 02e4 10        		.byte	16
 338 02e5 11        		.byte	17
 339 02e6 0000 0000 		.zero	16
 339      0000 0000 
 339      0000 0000 
 339      0000 0000 
 340 02f6 18        		.byte	24
 341 02f7 15        		.byte	21
 342 02f8 0000 0000 		.zero	6
 342      0000 
 343 02fe 0C        		.byte	12
 344 02ff 14        		.byte	20
 345 0300 0000 0000 		.zero	6
 345      0000 
 346 0306 18        		.byte	24
 347 0307 0C        		.byte	12
 348 0308 4432 3733 		.string	"D2732A"
 348      3241 00
 349 030f 0000 0000 		.zero	9
 349      0000 0000 
 349      00
 350 0318 00        		.zero	1
 351 0319 18        		.byte	24
 352 031a 0C        		.byte	12
 353 031b 08        		.byte	8
 354 031c 08        		.byte	8
 355 031d 07        		.byte	7
 356 031e 06        		.byte	6
 357 031f 05        		.byte	5
 358 0320 04        		.byte	4
 359 0321 03        		.byte	3
 360 0322 02        		.byte	2
 361 0323 01        		.byte	1
 362 0324 17        		.byte	23
 363 0325 16        		.byte	22
 364 0326 13        		.byte	19
 365 0327 15        		.byte	21
 366 0328 0000 0000 		.zero	12
 366      0000 0000 
 366      0000 0000 
 367 0334 09        		.byte	9
 368 0335 0A        		.byte	10
 369 0336 0B        		.byte	11
 370 0337 0D        		.byte	13
 371 0338 0E        		.byte	14
 372 0339 0F        		.byte	15
 373 033a 10        		.byte	16
 374 033b 11        		.byte	17
 375 033c 0000 0000 		.zero	16
 375      0000 0000 
 375      0000 0000 
 375      0000 0000 
 376 034c 18        		.byte	24
 377 034d 0000 0000 		.zero	7
 377      0000 00
 378 0354 0C        		.byte	12
 379 0355 12        		.byte	18
 380 0356 14        		.byte	20
 381 0357 0000 0000 		.zero	5
 381      00
 382 035c 18        		.byte	24
 383 035d 0C        		.byte	12
 384 035e 5442 5032 		.string	"TBP28S42"
 384      3853 3432 
 384      00
 385 0367 0000 0000 		.zero	7
 385      0000 00
 386 036e 00        		.zero	1
 387 036f 14        		.byte	20
 388 0370 09        		.byte	9
 389 0371 08        		.byte	8
 390 0372 01        		.byte	1
 391 0373 02        		.byte	2
 392 0374 03        		.byte	3
 393 0375 04        		.byte	4
 394 0376 05        		.byte	5
 395 0377 10        		.byte	16
 396 0378 11        		.byte	17
 397 0379 12        		.byte	18
 398 037a 13        		.byte	19
 399 037b 0000 0000 		.zero	15
 399      0000 0000 
 399      0000 0000 
 399      0000 00
 400 038a 06        		.byte	6
 401 038b 07        		.byte	7
 402 038c 08        		.byte	8
 403 038d 09        		.byte	9
 404 038e 0B        		.byte	11
 405 038f 0C        		.byte	12
 406 0390 0D        		.byte	13
 407 0391 0E        		.byte	14
 408 0392 0000 0000 		.zero	16
 408      0000 0000 
 408      0000 0000 
 408      0000 0000 
 409 03a2 14        		.byte	20
 410 03a3 0000 0000 		.zero	7
 410      0000 00
 411 03aa 0A        		.byte	10
 412 03ab 0F        		.byte	15
 413 03ac 0000 0000 		.zero	6
 413      0000 
 414 03b2 0000      		.zero	2
 415 03b4 4D42 4D32 		.string	"MBM2764-30"
 415      3736 342D 
 415      3330 00
 416 03bf 0000 0000 		.zero	5
 416      00
 417 03c4 00        		.zero	1
 418 03c5 1C        		.byte	28
 419 03c6 0D        		.byte	13
 420 03c7 08        		.byte	8
 421 03c8 0A        		.byte	10
 422 03c9 09        		.byte	9
 423 03ca 08        		.byte	8
 424 03cb 07        		.byte	7
 425 03cc 06        		.byte	6
 426 03cd 05        		.byte	5
 427 03ce 04        		.byte	4
 428 03cf 03        		.byte	3
 429 03d0 19        		.byte	25
 430 03d1 18        		.byte	24
 431 03d2 15        		.byte	21
 432 03d3 17        		.byte	23
 433 03d4 02        		.byte	2
 434 03d5 0000 0000 		.zero	11
 434      0000 0000 
 434      0000 00
 435 03e0 0B        		.byte	11
 436 03e1 0C        		.byte	12
 437 03e2 0D        		.byte	13
 438 03e3 0F        		.byte	15
 439 03e4 10        		.byte	16
 440 03e5 11        		.byte	17
 441 03e6 12        		.byte	18
 442 03e7 13        		.byte	19
 443 03e8 0000 0000 		.zero	16
 443      0000 0000 
 443      0000 0000 
 443      0000 0000 
 444 03f8 1B        		.byte	27
 445 03f9 01        		.byte	1
 446 03fa 0000 0000 		.zero	6
 446      0000 
 447 0400 16        		.byte	22
 448 0401 14        		.byte	20
 449 0402 0E        		.byte	14
 450 0403 0000 0000 		.zero	5
 450      00
 451 0408 0000      		.zero	2
 452 040a 3237 4332 		.string	"27C210"
 452      3130 00
 453 0411 0000 0000 		.zero	9
 453      0000 0000 
 453      00
 454 041a 00        		.zero	1
 455 041b 28        		.byte	40
 456 041c 10        		.byte	16
 457 041d 10        		.byte	16
 458 041e 15        		.byte	21
 459 041f 16        		.byte	22
 460 0420 17        		.byte	23
 461 0421 18        		.byte	24
 462 0422 19        		.byte	25
 463 0423 1A        		.byte	26
 464 0424 1B        		.byte	27
 465 0425 1C        		.byte	28
 466 0426 1D        		.byte	29
 467 0427 1F        		.byte	31
 468 0428 20        		.byte	32
 469 0429 21        		.byte	33
 470 042a 22        		.byte	34
 471 042b 23        		.byte	35
 472 042c 24        		.byte	36
 473 042d 25        		.byte	37
 474 042e 0000 0000 		.zero	8
 474      0000 0000 
 475 0436 13        		.byte	19
 476 0437 12        		.byte	18
 477 0438 11        		.byte	17
 478 0439 10        		.byte	16
 479 043a 0F        		.byte	15
 480 043b 0E        		.byte	14
 481 043c 0D        		.byte	13
 482 043d 0C        		.byte	12
 483 043e 0A        		.byte	10
 484 043f 09        		.byte	9
 485 0440 08        		.byte	8
 486 0441 07        		.byte	7
 487 0442 06        		.byte	6
 488 0443 05        		.byte	5
 489 0444 04        		.byte	4
 490 0445 03        		.byte	3
 491 0446 0000 0000 		.zero	8
 491      0000 0000 
 492 044e 28        		.byte	40
 493 044f 01        		.byte	1
 494 0450 27        		.byte	39
 495 0451 0000 0000 		.zero	5
 495      00
 496 0456 02        		.byte	2
 497 0457 0B        		.byte	11
 498 0458 1E        		.byte	30
 499 0459 14        		.byte	20
 500 045a 0000 0000 		.zero	4
 501 045e 28        		.byte	40
 502 045f 0B        		.byte	11
 503 0460 4150 504C 		.string	"APPLE PROM"
 503      4520 5052 
 503      4F4D 00
 504 046b 0000 0000 		.zero	5
 504      00
 505 0470 00        		.zero	1
 506 0471 1C        		.byte	28
 507 0472 11        		.byte	17
 508 0473 08        		.byte	8
 509 0474 0A        		.byte	10
 510 0475 09        		.byte	9
 511 0476 08        		.byte	8
 512 0477 07        		.byte	7
 513 0478 06        		.byte	6
 514 0479 05        		.byte	5
 515 047a 04        		.byte	4
 516 047b 03        		.byte	3
 517 047c 19        		.byte	25
 518 047d 18        		.byte	24
 519 047e 15        		.byte	21
 520 047f 17        		.byte	23
 521 0480 02        		.byte	2
 522 0481 1A        		.byte	26
 523 0482 1B        		.byte	27
 524 0483 01        		.byte	1
 525 0484 16        		.byte	22
 526 0485 0000 0000 		.zero	7
 526      0000 00
 527 048c 0B        		.byte	11
 528 048d 0C        		.byte	12
 529 048e 0D        		.byte	13
 530 048f 0F        		.byte	15
 531 0490 10        		.byte	16
 532 0491 11        		.byte	17
 533 0492 12        		.byte	18
 534 0493 13        		.byte	19
 535 0494 0000 0000 		.zero	16
 535      0000 0000 
 535      0000 0000 
 535      0000 0000 
 536 04a4 1C        		.byte	28
 537 04a5 0000 0000 		.zero	7
 537      0000 00
 538 04ac 14        		.byte	20
 539 04ad 0E        		.byte	14
 540 04ae 0000 0000 		.zero	6
 540      0000 
 541 04b4 0000      		.zero	2
 542 04b6 3238 4635 		.string	"28F512 (untstd)"
 542      3132 2028 
 542      756E 7473 
 542      7464 2900 
 543 04c6 00        		.zero	1
 544 04c7 20        		.byte	32
 545 04c8 10        		.byte	16
 546 04c9 08        		.byte	8
 547 04ca 0C        		.byte	12
 548 04cb 0B        		.byte	11
 549 04cc 0A        		.byte	10
 550 04cd 09        		.byte	9
 551 04ce 08        		.byte	8
 552 04cf 07        		.byte	7
 553 04d0 06        		.byte	6
 554 04d1 05        		.byte	5
 555 04d2 1B        		.byte	27
 556 04d3 1A        		.byte	26
 557 04d4 17        		.byte	23
 558 04d5 19        		.byte	25
 559 04d6 04        		.byte	4
 560 04d7 1C        		.byte	28
 561 04d8 1D        		.byte	29
 562 04d9 0F        		.byte	15
 563 04da 0000 0000 		.zero	8
 563      0000 0000 
 564 04e2 0D        		.byte	13
 565 04e3 0E        		.byte	14
 566 04e4 0F        		.byte	15
 567 04e5 11        		.byte	17
 568 04e6 12        		.byte	18
 569 04e7 13        		.byte	19
 570 04e8 14        		.byte	20
 571 04e9 15        		.byte	21
 572 04ea 0000 0000 		.zero	16
 572      0000 0000 
 572      0000 0000 
 572      0000 0000 
 573 04fa 20        		.byte	32
 574 04fb 1F        		.byte	31
 575 04fc 01        		.byte	1
 576 04fd 0000 0000 		.zero	5
 576      00
 577 0502 10        		.byte	16
 578 0503 18        		.byte	24
 579 0504 16        		.byte	22
 580 0505 0000 0000 		.zero	5
 580      00
 581 050a 20        		.byte	32
 582 050b 10        		.byte	16
 583 050c 3233 3634 		.string	"2364A"
 583      4100 
 584 0512 0000 0000 		.zero	10
 584      0000 0000 
 584      0000 
 585 051c 00        		.zero	1
 586 051d 18        		.byte	24
 587 051e 0D        		.byte	13
 588 051f 08        		.byte	8
 589 0520 08        		.byte	8
 590 0521 07        		.byte	7
 591 0522 06        		.byte	6
 592 0523 05        		.byte	5
 593 0524 04        		.byte	4
 594 0525 03        		.byte	3
 595 0526 02        		.byte	2
 596 0527 01        		.byte	1
 597 0528 17        		.byte	23
 598 0529 16        		.byte	22
 599 052a 13        		.byte	19
 600 052b 12        		.byte	18
 601 052c 15        		.byte	21
 602 052d 0000 0000 		.zero	11
 602      0000 0000 
 602      0000 00
 603 0538 09        		.byte	9
 604 0539 0A        		.byte	10
 605 053a 0B        		.byte	11
 606 053b 0D        		.byte	13
 607 053c 0E        		.byte	14
 608 053d 0F        		.byte	15
 609 053e 10        		.byte	16
 610 053f 11        		.byte	17
 611 0540 0000 0000 		.zero	16
 611      0000 0000 
 611      0000 0000 
 611      0000 0000 
 612 0550 18        		.byte	24
 613 0551 0000 0000 		.zero	7
 613      0000 00
 614 0558 0C        		.byte	12
 615 0559 14        		.byte	20
 616 055a 0000 0000 		.zero	6
 616      0000 
 617 0560 18        		.byte	24
 618 0561 0C        		.byte	12
 619 0562 3237 3136 		.string	"2716 (untested)"
 619      2028 756E 
 619      7465 7374 
 619      6564 2900 
 620 0572 00        		.zero	1
 621 0573 18        		.byte	24
 622 0574 0B        		.byte	11
 623 0575 08        		.byte	8
 624 0576 08        		.byte	8
 625 0577 07        		.byte	7
 626 0578 06        		.byte	6
 627 0579 05        		.byte	5
 628 057a 04        		.byte	4
 629 057b 03        		.byte	3
 630 057c 02        		.byte	2
 631 057d 01        		.byte	1
 632 057e 17        		.byte	23
 633 057f 16        		.byte	22
 634 0580 13        		.byte	19
 635 0581 0000 0000 		.zero	13
 635      0000 0000 
 635      0000 0000 
 635      00
 636 058e 09        		.byte	9
 637 058f 0A        		.byte	10
 638 0590 0B        		.byte	11
 639 0591 0D        		.byte	13
 640 0592 0E        		.byte	14
 641 0593 0F        		.byte	15
 642 0594 10        		.byte	16
 643 0595 11        		.byte	17
 644 0596 0000 0000 		.zero	16
 644      0000 0000 
 644      0000 0000 
 644      0000 0000 
 645 05a6 18        		.byte	24
 646 05a7 15        		.byte	21
 647 05a8 0000 0000 		.zero	6
 647      0000 
 648 05ae 0C        		.byte	12
 649 05af 14        		.byte	20
 650 05b0 12        		.byte	18
 651 05b1 0000 0000 		.zero	5
 651      00
 652 05b6 18        		.byte	24
 653 05b7 0C        		.byte	12
 654 05b8 3933 3136 		.string	"9316 (untested)"
 654      2028 756E 
 654      7465 7374 
 654      6564 2900 
 655 05c8 00        		.zero	1
 656 05c9 18        		.byte	24
 657 05ca 0B        		.byte	11
 658 05cb 08        		.byte	8
 659 05cc 08        		.byte	8
 660 05cd 07        		.byte	7
 661 05ce 06        		.byte	6
 662 05cf 05        		.byte	5
 663 05d0 04        		.byte	4
 664 05d1 03        		.byte	3
 665 05d2 02        		.byte	2
 666 05d3 01        		.byte	1
 667 05d4 17        		.byte	23
 668 05d5 16        		.byte	22
 669 05d6 13        		.byte	19
 670 05d7 0000 0000 		.zero	13
 670      0000 0000 
 670      0000 0000 
 670      00
 671 05e4 09        		.byte	9
 672 05e5 0A        		.byte	10
 673 05e6 0B        		.byte	11
 674 05e7 0D        		.byte	13
 675 05e8 0E        		.byte	14
 676 05e9 0F        		.byte	15
 677 05ea 10        		.byte	16
 678 05eb 11        		.byte	17
 679 05ec 0000 0000 		.zero	16
 679      0000 0000 
 679      0000 0000 
 679      0000 0000 
 680 05fc 18        		.byte	24
 681 05fd 12        		.byte	18
 682 05fe 0000 0000 		.zero	6
 682      0000 
 683 0604 0C        		.byte	12
 684 0605 15        		.byte	21
 685 0606 14        		.byte	20
 686 0607 0000 0000 		.zero	5
 686      00
 687 060c 18        		.byte	24
 688 060d 0C        		.byte	12
 689 060e 484E 3436 		.string	"HN462732"
 689      3237 3332 
 689      00
 690 0617 0000 0000 		.zero	7
 690      0000 00
 691 061e 00        		.zero	1
 692 061f 18        		.byte	24
 693 0620 0C        		.byte	12
 694 0621 08        		.byte	8
 695 0622 08        		.byte	8
 696 0623 07        		.byte	7
 697 0624 06        		.byte	6
 698 0625 05        		.byte	5
 699 0626 04        		.byte	4
 700 0627 03        		.byte	3
 701 0628 02        		.byte	2
 702 0629 01        		.byte	1
 703 062a 17        		.byte	23
 704 062b 16        		.byte	22
 705 062c 13        		.byte	19
 706 062d 15        		.byte	21
 707 062e 0000 0000 		.zero	12
 707      0000 0000 
 707      0000 0000 
 708 063a 09        		.byte	9
 709 063b 0A        		.byte	10
 710 063c 0B        		.byte	11
 711 063d 0D        		.byte	13
 712 063e 0E        		.byte	14
 713 063f 0F        		.byte	15
 714 0640 10        		.byte	16
 715 0641 11        		.byte	17
 716 0642 0000 0000 		.zero	16
 716      0000 0000 
 716      0000 0000 
 716      0000 0000 
 717 0652 18        		.byte	24
 718 0653 0000 0000 		.zero	7
 718      0000 00
 719 065a 0C        		.byte	12
 720 065b 14        		.byte	20
 721 065c 12        		.byte	18
 722 065d 0000 0000 		.zero	5
 722      00
 723 0662 18        		.byte	24
 724 0663 0C        		.byte	12
 725 0664 4154 4D65 		.string	"ATMega8"
 725      6761 3800 
 726 066c 0000 0000 		.zero	8
 726      0000 0000 
 727 0674 00        		.zero	1
 728 0675 1C        		.byte	28
 729 0676 0D        		.byte	13
 730 0677 00        		.zero	1
 731 0678 11        		.byte	17
 732 0679 13        		.byte	19
 733 067a 01        		.byte	1
 734 067b 09        		.byte	9
 735 067c 0000 0000 		.zero	20
 735      0000 0000 
 735      0000 0000 
 735      0000 0000 
 735      0000 0000 
 736 0690 12        		.byte	18
 737 0691 0000 0000 		.zero	23
 737      0000 0000 
 737      0000 0000 
 737      0000 0000 
 737      0000 0000 
 738 06a8 07        		.byte	7
 739 06a9 14        		.byte	20
 740 06aa 0000 0000 		.zero	6
 740      0000 
 741 06b0 08        		.byte	8
 742 06b1 16        		.byte	22
 743 06b2 0000 0000 		.zero	6
 743      0000 
 744 06b8 07        		.byte	7
 745 06b9 08        		.byte	8
 746 06ba 4154 4D65 		.string	"ATMega328P"
 746      6761 3332 
 746      3850 00
 747 06c5 0000 0000 		.zero	5
 747      00
 748 06ca 00        		.zero	1
 749 06cb 1C        		.byte	28
 750 06cc 0F        		.byte	15
 751 06cd 00        		.zero	1
 752 06ce 11        		.byte	17
 753 06cf 13        		.byte	19
 754 06d0 01        		.byte	1
 755 06d1 09        		.byte	9
 756 06d2 0000 0000 		.zero	20
 756      0000 0000 
 756      0000 0000 
 756      0000 0000 
 756      0000 0000 
 757 06e6 12        		.byte	18
 758 06e7 0000 0000 		.zero	23
 758      0000 0000 
 758      0000 0000 
 758      0000 0000 
 758      0000 0000 
 759 06fe 07        		.byte	7
 760 06ff 14        		.byte	20
 761 0700 0000 0000 		.zero	6
 761      0000 
 762 0706 08        		.byte	8
 763 0707 16        		.byte	22
 764 0708 0000 0000 		.zero	6
 764      0000 
 765 070e 0000      		.zero	2
 766               		.text
 767               	.Letext0:
 768               		.file 1 "/usr/lib/avr/include/stdint.h"
 769               		.file 2 "chips.h"
 770               		.file 3 "chips.c"
DEFINED SYMBOLS
                            *ABS*:0000000000000000 chips.c
     /tmp/ccM7VpgR.s:2      *ABS*:000000000000003e __SP_H__
     /tmp/ccM7VpgR.s:3      *ABS*:000000000000003d __SP_L__
     /tmp/ccM7VpgR.s:4      *ABS*:000000000000003f __SREG__
     /tmp/ccM7VpgR.s:5      *ABS*:000000000000003b __RAMPZ__
     /tmp/ccM7VpgR.s:6      *ABS*:0000000000000000 __tmp_reg__
     /tmp/ccM7VpgR.s:7      *ABS*:0000000000000001 __zero_reg__
     /tmp/ccM7VpgR.s:15     .rodata:0000000000000000 proms_count
     /tmp/ccM7VpgR.s:20     .rodata:0000000000000002 proms

UNDEFINED SYMBOLS
__do_copy_data
